00001                   ; Parainitiator for XM7 V2 series
00002                   ; Programmed by Apollo
00003                   
00004 FD10              IROMDR     EQU      $FD10       ; INITIATOR ROM DISABLE REGISTER
00005 FD93              MSR1       EQU      $FD93       ; MODE SELECT REGISTER (BOOT ROM/RAM)
00006 FD0B              BOOTSW     EQU      $FD0B
00007                   
00008 FD1E              FDCLDR     EQU      $FD1E       ; Logical drive #
00009                   
00010 6000                         ORG      $6000
00011                   
00012 6000 10CE0100                LDS      #$0100
00013 6004 8601                    LDA      #$01
00014 6006 B7FD93                  STA      MSR1        ; BOOT RAM MODE
00015                   ; TRANSFER BOOT ROM CONTENTS TO BOOT RAM
00016 6009 CE7800                  LDU      #BOOTBAS
00017 600C B6FD0B                  LDA      BOOTSW      ; CHECK BOOT MODE
00018 600F 44                      LSRA
00019 6010 2403                    BCC      BASIC
00020 6012 CE7A00                  LDU      #BOOTDOS    ; DOS MODE
00021 6015              BASIC      EQU      *
00022 6015 8EFE00                  LDX      #$FE00
00023 6018 108E01FE                LDY      #$1FE
00024 601C 3702         LOOP1      PULU     A
00025 601E A780                    STA      ,X+
00026 6020 313F                    LEAY     <-1,Y
00027 6022 26F8                    BNE      LOOP1
00028                   ; SET RESET VECTOR
00029 6024 CCFE00                  LDD      #$FE00
00030 6027 FDFFFE                  STD      $FFFE
00031                   
00032 602A 7FFD93                  CLR      MSR1        ; BOOT ROM MODE
00033                   
00034 602D 338C0F                  LEAU     <SUBP_S,PC
00035 6030 8E4000                  LDX      #$4000
00036 6033 C609                    LDB      #SUBP_E-SUBP_S+1
00037 6035 3702         TFR_L      PULU     A
00038 6037 A780                    STA      ,X+
00039 6039 5A                      DECB
00040 603A 26F9                    BNE      TFR_L
00041 603C 7E4000                  JMP      $4000
00042                   
00043 603F              SUBP_S     EQU      *
00044 603F 8602                    LDA      #$02
00045 6041 B7FD10                  STA      IROMDR      ; INITIATOR ROM DISABLE
00046 6044 7EFE00                  JMP      $FE00
00047 6047              SUBP_E     EQU      *
00048                   
00049                   
00050 7800                         ORG      $7800       ; BASICモード用ブートROM
00051 7800              BOOTBAS    RMB      $200
00052                   
00053                   
00054 7A00                         ORG      $7A00       ; DOSモード用ブートROM
00055 7A00              BOOTDOS    RMB      $200
00056                   
00057                   
00058 6C00                         ORG      $6C00       ; FM音源音色データ
00059                   ;1
00060 6C00 02020202190F            FCB      $02,$02,$02,$02,$19,$0F,$0F,$0F
           0F0F         
00061 6C08 8F9292920403            FCB      $8F,$92,$92,$92,$04,$03,$03,$03
           0303         
00062 6C10 00000000FAFA            FCB      $00,$00,$00,$00,$FA,$FA,$FA,$FA
           FAFA         
00063 6C18 3D04002F000A            FCB      $3D,$04,$00,$2F,$00,$0A,$20,$04
           2004         
00064 6C20 0200                    FCB      $02,$00
00065                   
00066 6C22 420212342009            FCB      $42,$02,$12,$34,$20,$09,$09,$22
           0922         
00067 6C2A 0D0E4E4B1E1E            FCB      $0D,$0E,$4E,$4B,$1E,$1E,$1E,$1E
           1E1E         
00068 6C32 0C0B010A0909            FCB      $0C,$0B,$01,$0A,$09,$09,$0A,$09
           0A09         
00069 6C3A 3D00001F0000            FCB      $3D,$00,$00,$1F,$00,$00,$19,$00
           1900         
00070 6C42 0200                    FCB      $02,$00
00071                   
00072 6C44 410110301C06            FCB      $41,$01,$10,$30,$1C,$06,$06,$1A
           061A         
00073 6C4C 4E4F524F1E1E            FCB      $4E,$4F,$52,$4F,$1E,$1E,$1E,$1E
           1E1E         
00074 6C54 0F0909080909            FCB      $0F,$09,$09,$08,$09,$09,$0A,$09
           0A09         
00075 6C5C 3D00001F0000            FCB      $3D,$00,$00,$1F,$00,$00,$19,$00
           1900         
00076 6C64 0200                    FCB      $02,$00
00077                   
00078 6C66 44021433190B            FCB      $44,$02,$14,$33,$19,$0B,$06,$1E
           061E         
00079 6C6E 534F56501E1E            FCB      $53,$4F,$56,$50,$1E,$1E,$1E,$1E
           1E1E         
00080 6C76 080909050B09            FCB      $08,$09,$09,$05,$0B,$09,$0A,$09
           0A09         
00081 6C7E 3D04004F000A            FCB      $3D,$04,$00,$4F,$00,$0A,$18,$03
           1803         
00082 6C86 0200                    FCB      $02,$00
00083                   
00084                   ;5
00085 6C88 410111311A1B            FCB      $41,$01,$11,$31,$1A,$1B,$0C,$0C
           0C0C         
00086 6C90 111454541E1E            FCB      $11,$14,$54,$54,$1E,$1E,$1E,$1E
           1E1E         
00087 6C98 0B0501050909            FCB      $0B,$05,$01,$05,$09,$09,$0A,$09
           0A09         
00088 6CA0 3D04005F000C            FCB      $3D,$04,$00,$5F,$00,$0C,$18,$03
           1803         
00089 6CA8 0200                    FCB      $02,$00
00090                   
00091 6CAA 447A24281719            FCB      $44,$7A,$24,$28,$17,$19,$06,$0B
           060B         
00092 6CB2 525F565F0C09            FCB      $52,$5F,$56,$5F,$0C,$09,$0B,$0B
           0B0B         
00093 6CBA 050507052A54            FCB      $05,$05,$07,$05,$2A,$54,$4A,$44
           4A44         
00094 6CC2 3C04001F0008            FCB      $3C,$04,$00,$1F,$00,$08,$1B,$19
           1B19         
00095 6CCA 0200                    FCB      $02,$00
00096                   
00097 6CCC 08080808231E            FCB      $08,$08,$08,$08,$23,$1E,$0C,$0C
           0C0C         
00098 6CD4 591253521F04            FCB      $59,$12,$53,$52,$1F,$04,$04,$04
           0404         
00099 6CDC 0A0000000C0D            FCB      $0A,$00,$00,$00,$0C,$0D,$0B,$0B
           0B0B         
00100 6CE4 3406005F0907            FCB      $34,$06,$00,$5F,$09,$07,$1D,$0B
           1D0B         
00101 6CEC 0200                    FCB      $02,$00
00102                   
00103 6CEE 040404042323            FCB      $04,$04,$04,$04,$23,$23,$09,$09
           0909         
00104 6CF6 541252521904            FCB      $54,$12,$52,$52,$19,$04,$04,$04
           0404         
00105 6CFE 190000000F0D            FCB      $19,$00,$00,$00,$0F,$0D,$0B,$0B
           0B0B         
00106 6D06 1C06005F0903            FCB      $1C,$06,$00,$5F,$09,$03,$1D,$08
           1D08         
00107 6D0E 0200                    FCB      $02,$00
00108                   
00109                   ;9
00110 6D10 080804041F1E            FCB      $08,$08,$04,$04,$1F,$1E,$0C,$0C
           0C0C         
00111 6D18 521452521904            FCB      $52,$14,$52,$52,$19,$04,$04,$04
           0404         
00112 6D20 080000000B0D            FCB      $08,$00,$00,$00,$0B,$0D,$0B,$0B
           0B0B         
00113 6D28 3C04003F0006            FCB      $3C,$04,$00,$3F,$00,$06,$1B,$03
           1B03         
00114 6D30 0200                    FCB      $02,$00
00115                   
00116 6D32 02020604211C            FCB      $02,$02,$06,$04,$21,$1C,$09,$09
           0909         
00117 6D3A 575752520504            FCB      $57,$57,$52,$52,$05,$04,$04,$04
           0404         
00118 6D42 000000000B0D            FCB      $00,$00,$00,$00,$0B,$0D,$0B,$0B
           0B0B         
00119 6D4A 3402001F0600            FCB      $34,$02,$00,$1F,$06,$00,$19,$09
           1909         
00120 6D52 0200                    FCB      $02,$00
00121                   
00122 6D54 000001011B14            FCB      $00,$00,$01,$01,$1B,$14,$19,$09
           1909         
00123 6D5C 515352540504            FCB      $51,$53,$52,$54,$05,$04,$04,$04
           0404         
00124 6D64 000000000B0D            FCB      $00,$00,$00,$00,$0B,$0D,$0B,$0B
           0B0B         
00125 6D6C 3402001F0100            FCB      $34,$02,$00,$1F,$01,$00,$16,$09
           1609         
00126 6D74 0200                    FCB      $02,$00
00127                   
00128 6D76 12021A122323            FCB      $12,$02,$1A,$12,$23,$23,$1C,$06
           1C06         
00129 6D7E 5E5C5E4D0B0D            FCB      $5E,$5C,$5E,$4D,$0B,$0D,$0A,$04
           0A04         
00130 6D86 000000001A2A            FCB      $00,$00,$00,$00,$1A,$2A,$5A,$0A
           5A0A         
00131 6D8E 3A04003F000A            FCB      $3A,$04,$00,$3F,$00,$0A,$20,$00
           2000         
00132 6D96 0200                    FCB      $02,$00
00133                   
00134                   ;13
00135 6D98 14041C141B33            FCB      $14,$04,$1C,$14,$1B,$33,$18,$03
           1803         
00136 6DA0 5C5C534D0707            FCB      $5C,$5C,$53,$4D,$07,$07,$09,$04
           0904         
00137 6DA8 000000001313            FCB      $00,$00,$00,$00,$13,$13,$32,$09
           3209         
00138 6DB0 3A04001F0020            FCB      $3A,$04,$00,$1F,$00,$20,$20,$00
           2000         
00139 6DB8 0200                    FCB      $02,$00
00140                   
00141 6DBA 312307311E2B            FCB      $31,$23,$07,$31,$1E,$2B,$2F,$00
           2F00         
00142 6DC2 9D1C1CDF0704            FCB      $9D,$1C,$1C,$DF,$07,$04,$08,$04
           0804         
00143 6DCA 04191B17F0F0            FCB      $04,$19,$1B,$17,$F0,$F0,$F0,$F4
           F0F4         
00144 6DD2 3200001F0000            FCB      $32,$00,$00,$1F,$00,$00,$20,$00
           2000         
00145 6DDA 0200                    FCB      $02,$00
00146                   
00147 6DDC 010A02011E32            FCB      $01,$0A,$02,$01,$1E,$32,$05,$00
           0500         
00148 6DE4 9CDC9CDC0703            FCB      $9C,$DC,$9C,$DC,$07,$03,$14,$08
           1408         
00149 6DEC 000305055545            FCB      $00,$03,$05,$05,$55,$45,$27,$A7
           27A7         
00150 6DF4 0400001F0000            FCB      $04,$00,$00,$1F,$00,$00,$1A,$00
           1A00         
00151 6DFC 0200                    FCB      $02,$00
00152                   
00153 6DFE 3F010101262A            FCB      $3F,$01,$01,$01,$26,$2A,$0A,$03
           0A03         
00154 6E06 9D9C9F5E0806            FCB      $9D,$9C,$9F,$5E,$08,$06,$0B,$05
           0B05         
00155 6E0E 1F1F1F1FF8F6            FCB      $1F,$1F,$1F,$1F,$F8,$F6,$F8,$F8
           F8F8         
00156 6E16 0400001F0000            FCB      $04,$00,$00,$1F,$00,$00,$1A,$00
           1A00         
00157 6E1E 0200                    FCB      $02,$00
00158                   
00159                   ;17
00160 6E20 31230C012326            FCB      $31,$23,$0C,$01,$23,$26,$32,$03
           3203         
00161 6E28 9F9FDFDF0404            FCB      $9F,$9F,$DF,$DF,$04,$04,$04,$04
           0404         
00162 6E30 1F1F1F1FF3F3            FCB      $1F,$1F,$1F,$1F,$F3,$F3,$F3,$F3
           F3F3         
00163 6E38 3A00001F0000            FCB      $3A,$00,$00,$1F,$00,$00,$20,$00
           2000         
00164 6E40 0200                    FCB      $02,$00
00165                   
00166 6E42 78657801140D            FCB      $78,$65,$78,$01,$14,$0D,$0D,$03
           0D03         
00167 6E4A 949494940202            FCB      $94,$94,$94,$94,$02,$02,$02,$02
           0202         
00168 6E52 000000000608            FCB      $00,$00,$00,$00,$06,$08,$08,$08
           0808         
00169 6E5A 0600001F0000            FCB      $06,$00,$00,$1F,$00,$00,$1B,$00
           1B00         
00170 6E62 0200                    FCB      $02,$00
00171                   
00172 6E64 786075101A1F            FCB      $78,$60,$75,$10,$1A,$1F,$17,$03
           1703         
00173 6E6C 949290920202            FCB      $94,$92,$90,$92,$02,$02,$02,$02
           0202         
00174 6E74 000000000705            FCB      $00,$00,$00,$00,$07,$05,$07,$06
           0706         
00175 6E7C 2C00001F0000            FCB      $2C,$00,$00,$1F,$00,$00,$1E,$00
           1E00         
00176 6E84 0200                    FCB      $02,$00
00177                   
00178 6E86 757358012810            FCB      $75,$73,$58,$01,$28,$10,$10,$06
           1006         
00179 6E8E DF1E1C1E120F            FCB      $DF,$1E,$1C,$1E,$12,$0F,$04,$0F
           040F         
00180 6E96 000000002F0F            FCB      $00,$00,$00,$00,$2F,$0F,$0F,$0F
           0F0F         
00181 6E9E 1D04003F0008            FCB      $1D,$04,$00,$3F,$00,$08,$1E,$00
           1E00         
00182 6EA6 0201                    FCB      $02,$01
00183                   
00184                   ;21
00185 6EA8 66733128130E            FCB      $66,$73,$31,$28,$13,$0E,$09,$09
           0909         
00186 6EB0 1F1F9F1F1E14            FCB      $1F,$1F,$9F,$1F,$1E,$14,$14,$14
           1414         
00187 6EB8 1F000000FF0F            FCB      $1F,$00,$00,$00,$FF,$0F,$0F,$0F
           0F0F         
00188 6EC0 2F04003F000A            FCB      $2F,$04,$00,$3F,$00,$0A,$20,$00
           2000         
00189 6EC8 0201                    FCB      $02,$01
00190                   
00191 6ECA 1B160534201E            FCB      $1B,$16,$05,$34,$20,$1E,$26,$0C
           260C         
00192 6ED2 1F1FDF5F0C0C            FCB      $1F,$1F,$DF,$5F,$0C,$0C,$02,$1F
           021F         
00193 6EDA 0404040A1505            FCB      $04,$04,$04,$0A,$15,$05,$F4,$08
           F408         
00194 6EE2 3A00001F0000            FCB      $3A,$00,$00,$1F,$00,$00,$1C,$00
           1C00         
00195 6EEA 0200                    FCB      $02,$00
00196                   
00197 6EEC 0C0105012121            FCB      $0C,$01,$05,$01,$21,$21,$21,$09
           2109         
00198 6EF4 9F1F1F5F0C04            FCB      $9F,$1F,$1F,$5F,$0C,$04,$05,$0A
           050A         
00199 6EFC 04040402F717            FCB      $04,$04,$04,$02,$F7,$17,$07,$AC
           07AC         
00200 6F04 3B00001F0000            FCB      $3B,$00,$00,$1F,$00,$00,$1B,$00
           1B00         
00201 6F0C 0200                    FCB      $02,$00
00202                   
00203 6F0E 36263A342D28            FCB      $36,$26,$3A,$34,$2D,$28,$28,$03
           2803         
00204 6F16 9F9F5E9F061E            FCB      $9F,$9F,$5E,$9F,$06,$1E,$1E,$1E
           1E1E         
00205 6F1E 060812090404            FCB      $06,$08,$12,$09,$04,$04,$05,$05
           0505         
00206 6F26 3A04002F0005            FCB      $3A,$04,$00,$2F,$00,$05,$14,$00
           1400         
00207 6F2E 0200                    FCB      $02,$00
00208                   
00209                   ;25
00210 6F30 333030301F1D            FCB      $33,$30,$30,$30,$1F,$1D,$2B,$06
           2B06         
00211 6F38 DF9FDF9F0709            FCB      $DF,$9F,$DF,$9F,$07,$09,$06,$06
           0606         
00212 6F40 050605062919            FCB      $05,$06,$05,$06,$29,$19,$19,$F9
           19F9         
00213 6F48 2100001F0000            FCB      $21,$00,$00,$1F,$00,$00,$1A,$00
           1A00         
00214 6F50 0200                    FCB      $02,$00
00215                   
00216 6F52 307110201F03            FCB      $30,$71,$10,$20,$1F,$03,$03,$03
           0303         
00217 6F5A DC9F99980A0A            FCB      $DC,$9F,$99,$98,$0A,$0A,$0B,$07
           0B07         
00218 6F62 000000004555            FCB      $00,$00,$00,$00,$45,$55,$55,$55
           5555         
00219 6F6A 3D04001F0008            FCB      $3D,$04,$00,$1F,$00,$08,$1B,$19
           1B19         
00220 6F72 0200                    FCB      $02,$00
00221                   
00222 6F74 30303030241B            FCB      $30,$30,$30,$30,$24,$1B,$1A,$00
           1A00         
00223 6F7C DF9FDF9F0714            FCB      $DF,$9F,$DF,$9F,$07,$14,$06,$06
           0606         
00224 6F84 050A05062818            FCB      $05,$0A,$05,$06,$28,$18,$18,$38
           1838         
00225 6F8C 3000001F0000            FCB      $30,$00,$00,$1F,$00,$00,$1A,$00
           1A00         
00226 6F94 0200                    FCB      $02,$00
00227                   
00228 6F96 1F3A24022A20            FCB      $1F,$3A,$24,$02,$2A,$20,$23,$00
           2300         
00229 6F9E 5B5E5E5E1612            FCB      $5B,$5E,$5E,$5E,$16,$12,$18,$1E
           181E         
00230 6FA6 0A090B10E8E5            FCB      $0A,$09,$0B,$10,$E8,$E5,$F9,$07
           F907         
00231 6FAE 2B00001F0000            FCB      $2B,$00,$00,$1F,$00,$00,$18,$00
           1800         
00232 6FB6 0200                    FCB      $02,$00
00233                   
00234                   ;29
00235 6FB8 0D0D04041923            FCB      $0D,$0D,$04,$04,$19,$23,$15,$06
           1506         
00236 6FC0 9F9F5F9F1F1F            FCB      $9F,$9F,$5F,$9F,$1F,$1F,$1F,$1E
           1F1E         
00237 6FC8 150A0A0B0505            FCB      $15,$0A,$0A,$0B,$05,$05,$06,$06
           0606         
00238 6FD0 0C00001F0000            FCB      $0C,$00,$00,$1F,$00,$00,$12,$00
           1200         
00239 6FD8 0200                    FCB      $02,$00
00240                   
00241 6FDA 3A0A52022832            FCB      $3A,$0A,$52,$02,$28,$32,$06,$06
           0606         
00242 6FE2 5E5E57581F1F            FCB      $5E,$5E,$57,$58,$1F,$1F,$1F,$1F
           1F1F         
00243 6FEA 0A050E0D0304            FCB      $0A,$05,$0E,$0D,$03,$04,$05,$05
           0505         
00244 6FF2 2406001F0D05            FCB      $24,$06,$00,$1F,$0D,$05,$17,$00
           1700         
00245 6FFA 0200                    FCB      $02,$00
00246                   
00247 6FFC 040402022328            FCB      $04,$04,$02,$02,$23,$28,$23,$00
           2300         
00248 7004 9D1F5DDC1C16            FCB      $9D,$1F,$5D,$DC,$1C,$16,$16,$15
           1615         
00249 700C 0D0F0A060406            FCB      $0D,$0F,$0A,$06,$04,$06,$05,$03
           0503         
00250 7014 3904003F0009            FCB      $39,$04,$00,$3F,$00,$09,$19,$00
           1900         
00251 701C 0200                    FCB      $02,$00
00252                   
00253 701E 48081454141E            FCB      $48,$08,$14,$54,$14,$1E,$0C,$0C
           0C0C         
00254 7026 1B5414121401            FCB      $1B,$54,$14,$12,$14,$01,$02,$07
           0207         
00255 702E 1F0205018858            FCB      $1F,$02,$05,$01,$88,$58,$FC,$5A
           FC5A         
00256 7036 2C04001F000F            FCB      $2C,$04,$00,$1F,$00,$0F,$1A,$06
           1A06         
00257 703E 0200                    FCB      $02,$00
00258                   
00259                   ;33
00260 7040 0C0C08042823            FCB      $0C,$0C,$08,$04,$28,$23,$28,$06
           2806         
00261 7048 0C0F0F0E0502            FCB      $0C,$0F,$0F,$0E,$05,$02,$08,$08
           0808         
00262 7050 00000000990A            FCB      $00,$00,$00,$00,$99,$0A,$09,$1D
           091D         
00263 7058 0102002F0800            FCB      $01,$02,$00,$2F,$08,$00,$16,$00
           1600         
00264 7060 0200                    FCB      $02,$00
00265                   
00266 7062 37210F422122            FCB      $37,$21,$0F,$42,$21,$22,$2D,$0C
           2D0C         
00267 706A 1C58199F0411            FCB      $1C,$58,$19,$9F,$04,$11,$03,$04
           0304         
00268 7072 19040F042402            FCB      $19,$04,$0F,$04,$24,$02,$02,$F3
           02F3         
00269 707A 0204002F0005            FCB      $02,$04,$00,$2F,$00,$05,$15,$00
           1500         
00270 7082 0200                    FCB      $02,$00
00271                   
00272 7084 060604041E22            FCB      $06,$06,$04,$04,$1E,$22,$1E,$00
           1E00         
00273 708C 5F5F5F5F1F1F            FCB      $5F,$5F,$5F,$5F,$1F,$1F,$1F,$1F
           1F1F         
00274 7094 100C0C0D0806            FCB      $10,$0C,$0C,$0D,$08,$06,$06,$06
           0606         
00275 709C 3304002F000A            FCB      $33,$04,$00,$2F,$00,$0A,$14,$07
           1407         
00276 70A4 0200                    FCB      $02,$00
00277                   
00278 70A6 153013700028            FCB      $15,$30,$13,$70,$00,$28,$00,$00
           0000         
00279 70AE 5F5E9F5F1F1E            FCB      $5F,$5E,$9F,$5F,$1F,$1E,$1F,$1E
           1F1E         
00280 70B6 050B0F110208            FCB      $05,$0B,$0F,$11,$02,$08,$09,$09
           0909         
00281 70BE 3C0400FF00B4            FCB      $3C,$04,$00,$FF,$00,$B4,$14,$00
           1400         
00282 70C6 0200                    FCB      $02,$00
00283                   
00284                   ;37
00285 70C8 73020401000A            FCB      $73,$02,$04,$01,$00,$0A,$00,$05
           0005         
00286 70D0 1F1F5F1F0019            FCB      $1F,$1F,$5F,$1F,$00,$19,$19,$13
           1913         
00287 70D8 0013101306F8            FCB      $00,$13,$10,$13,$06,$F8,$2A,$FC
           2AFC         
00288 70E0 3C00002F0000            FCB      $3C,$00,$00,$2F,$00,$00,$28,$00
           2800         
00289 70E8 0200                    FCB      $02,$00
00290                   
00291 70EA 00010000280F            FCB      $00,$01,$00,$00,$28,$0F,$00,$00
           0000         
00292 70F2 1D1D1D1D191B            FCB      $1D,$1D,$1D,$1D,$19,$1B,$19,$19
           1919         
00293 70FA 0000151536F8            FCB      $00,$00,$15,$15,$36,$F8,$1C,$1C
           1C1C         
00294 7102 2C00002F0000            FCB      $2C,$00,$00,$2F,$00,$00,$28,$00
           2800         
00295 710A 0200                    FCB      $02,$00
00296                   
00297 710C 7F0F72050700            FCB      $7F,$0F,$72,$05,$07,$00,$18,$0F
           180F         
00298 7114 1F1F5F1F0019            FCB      $1F,$1F,$5F,$1F,$00,$19,$19,$19
           1919         
00299 711C 00000C140008            FCB      $00,$00,$0C,$14,$00,$08,$38,$5C
           385C         
00300 7124 3400001F0000            FCB      $34,$00,$00,$1F,$00,$00,$28,$00
           2800         
00301 712C 0200                    FCB      $02,$00
00302                   
00303 712E 7F0F72070000            FCB      $7F,$0F,$72,$07,$00,$00,$0F,$0F
           0F0F         
00304 7136 1F1F5F1F1C19            FCB      $1F,$1F,$5F,$1F,$1C,$19,$19,$19
           1919         
00305 713E 000011130628            FCB      $00,$00,$11,$13,$06,$28,$3A,$5C
           3A5C         
00306 7146 2C00004F0000            FCB      $2C,$00,$00,$4F,$00,$00,$28,$00
           2800         
00307 714E 0200                    FCB      $02,$00
00308                   
00309                   ;41
00310 7150 7F0A7D0F0708            FCB      $7F,$0A,$7D,$0F,$07,$08,$00,$00
           0000         
00311 7158 1F1F5F1F0019            FCB      $1F,$1F,$5F,$1F,$00,$19,$19,$19
           1919         
00312 7160 00000C0D0002            FCB      $00,$00,$0C,$0D,$00,$02,$36,$58
           3658         
00313 7168 3402001F9600            FCB      $34,$02,$00,$1F,$96,$00,$14,$00
           1400         
00314 7170 0200                    FCB      $02,$00
00315                   
00316 7172 16321070221C            FCB      $16,$32,$10,$70,$22,$1C,$2D,$00
           2D00         
00317 717A 5E5E5E5F1F1E            FCB      $5E,$5E,$5E,$5F,$1F,$1E,$1F,$1E
           1F1E         
00318 7182 0C0C0C0B0604            FCB      $0C,$0C,$0C,$0B,$06,$04,$04,$06
           0406         
00319 718A 3800001F0000            FCB      $38,$00,$00,$1F,$00,$00,$50,$00
           5000         
00320 7192 0200                    FCB      $02,$00
00321                   
00322 7194 372324140803            FCB      $37,$23,$24,$14,$08,$03,$03,$03
           0303         
00323 719C 9C5C5C5C1814            FCB      $9C,$5C,$5C,$5C,$18,$14,$14,$14
           1414         
00324 71A4 111111115A5A            FCB      $11,$11,$11,$11,$5A,$5A,$4A,$4A
           4A4A         
00325 71AC 3D04002F0008            FCB      $3D,$04,$00,$2F,$00,$08,$1B,$08
           1B08         
00326 71B4 0C00                    FCB      $0C,$00
00327                   
00328 71B6 457524241619            FCB      $45,$75,$24,$24,$16,$19,$0D,$0D
           0D0D         
00329 71BE 5F5F5F5F0909            FCB      $5F,$5F,$5F,$5F,$09,$09,$0B,$0B
           0B0B         
00330 71C6 050507055454            FCB      $05,$05,$07,$05,$54,$54,$44,$44
           4444         
00331 71CE 0404001F0008            FCB      $04,$04,$00,$1F,$00,$08,$1B,$19
           1B19         
00332 71D6 0200                    FCB      $02,$00
00333                   
00334                   ;45
00335 71D8 0E0717020A14            FCB      $0E,$07,$17,$02,$0A,$14,$23,$0C
           230C         
00336 71E0 1F1F1F1F1A0A            FCB      $1F,$1F,$1F,$1F,$1A,$0A,$0A,$0A
           0A0A         
00337 71E8 00000000FFF2            FCB      $00,$00,$00,$00,$FF,$F2,$F2,$F5
           F2F5         
00338 71F0 3B00001F0000            FCB      $3B,$00,$00,$1F,$00,$00,$1B,$00
           1B00         
00339 71F8 0200                    FCB      $02,$00
00340                   
00341 71FA 161D18141B1E            FCB      $16,$1D,$18,$14,$1B,$1E,$06,$06
           0606         
00342 7202 5F5F5F5F0806            FCB      $5F,$5F,$5F,$5F,$08,$06,$0F,$0F
           0F0F         
00343 720A 0000000085A5            FCB      $00,$00,$00,$00,$85,$A5,$F7,$F7
           F7F7         
00344 7212 3400001F0000            FCB      $34,$00,$00,$1F,$00,$00,$1B,$00
           1B00         
00345 721A 0200                    FCB      $02,$00
00346                   
00347 721C 480974081E28            FCB      $48,$09,$74,$08,$1E,$28,$06,$06
           0606         
00348 7224 5F5659940F0A            FCB      $5F,$56,$59,$94,$0F,$0A,$0F,$0F
           0F0F         
00349 722C 1F020E0EF7F7            FCB      $1F,$02,$0E,$0E,$F7,$F7,$F6,$F6
           F6F6         
00350 7234 3404001F0014            FCB      $34,$04,$00,$1F,$00,$14,$1A,$0A
           1A0A         
00351 723C 0200                    FCB      $02,$00
00352                   
00353 723E 440474043C32            FCB      $44,$04,$74,$04,$3C,$32,$1E,$00
           1E00         
00354 7246 5F5F5F9F0F0A            FCB      $5F,$5F,$5F,$9F,$0F,$0A,$0F,$0F
           0F0F         
00355 724E 0F0F0F0F0A0A            FCB      $0F,$0F,$0F,$0F,$0A,$0A,$06,$06
           0606         
00356 7256 020600FA0A96            FCB      $02,$06,$00,$FA,$0A,$96,$64,$0A
           640A         
00357 725E 0201                    FCB      $02,$01
00358                   
00359                   ;49
00360 7260 4404740D3C32            FCB      $44,$04,$74,$0D,$3C,$32,$1E,$00
           1E00         
00361 7268 5F5F5F9F0F0A            FCB      $5F,$5F,$5F,$9F,$0F,$0A,$0F,$0F
           0F0F         
00362 7270 0F0F0F0F0A0A            FCB      $0F,$0F,$0F,$0F,$0A,$0A,$06,$06
           0606         
00363 7278 020600FA0A96            FCB      $02,$06,$00,$FA,$0A,$96,$64,$0A
           640A         
00364 7280 0200                    FCB      $02,$00
00365                   
00366 7282 053401700017            FCB      $05,$34,$01,$70,$00,$17,$17,$03
           1703         
00367 728A 184E19961F1E            FCB      $18,$4E,$19,$96,$1F,$1E,$1F,$1E
           1F1E         
00368 7292 000A0405010A            FCB      $00,$0A,$04,$05,$01,$0A,$0A,$06
           0A06         
00369 729A 3C00003F0000            FCB      $3C,$00,$00,$3F,$00,$00,$15,$00
           1500         
00370 72A2 0201                    FCB      $02,$01
00371                   
00372 72A4 0F0F0F0F000C            FCB      $0F,$0F,$0F,$0F,$00,$0C,$0C,$0C
           0C0C         
00373 72AC 1F0A0A0A1F1F            FCB      $1F,$0A,$0A,$0A,$1F,$1F,$1F,$1F
           1F1F         
00374 72B4 000000000208            FCB      $00,$00,$00,$00,$02,$08,$08,$08
           0808         
00375 72BC 3F0200FFFF00            FCB      $3F,$02,$00,$FF,$FF,$00,$1A,$00
           1A00         
00376 72C4 0101                    FCB      $01,$01
00377                   
00378 72C6 701056401410            FCB      $70,$10,$56,$40,$14,$10,$1A,$06
           1A06         
00379 72CE 549F5F9F0403            FCB      $54,$9F,$5F,$9F,$04,$03,$0A,$04
           0A04         
00380 72D6 000000000A0A            FCB      $00,$00,$00,$00,$0A,$0A,$0A,$0A
           0A0A         
00381 72DE 1D0600F20A14            FCB      $1D,$06,$00,$F2,$0A,$14,$3C,$00
           3C00         
00382 72E6 0100                    FCB      $01,$00
00383                   
00384                   ;53
00385 72E8 701056401410            FCB      $70,$10,$56,$40,$14,$10,$1A,$06
           1A06         
00386 72F0 549F5F9F0403            FCB      $54,$9F,$5F,$9F,$04,$03,$0A,$04
           0A04         
00387 72F8 000000000A0A            FCB      $00,$00,$00,$00,$0A,$0A,$0A,$0A
           0A0A         
00388 7300 350600F20A14            FCB      $35,$06,$00,$F2,$0A,$14,$3C,$00
           3C00         
00389 7308 0100                    FCB      $01,$00
00390                   
00391 730A 707000081E06            FCB      $70,$70,$00,$08,$1E,$06,$0F,$06
           0F06         
00392 7312 4A9D50891F1F            FCB      $4A,$9D,$50,$89,$1F,$1F,$1F,$1F
           1F1F         
00393 731A 060000000202            FCB      $06,$00,$00,$00,$02,$02,$02,$F3
           02F3         
00394 7322 180400FF0028            FCB      $18,$04,$00,$FF,$00,$28,$03,$00
           0300         
00395 732A 0200                    FCB      $02,$00
00396                   
00397 732C 740C0456231E            FCB      $74,$0C,$04,$56,$23,$1E,$09,$18
           0918         
00398 7334 141E140F0000            FCB      $14,$1E,$14,$0F,$00,$00,$00,$00
           0000         
00399 733C 00000000F9F9            FCB      $00,$00,$00,$00,$F9,$F9,$F9,$F9
           F9F9         
00400 7344 3C0400FF0014            FCB      $3C,$04,$00,$FF,$00,$14,$0F,$00
           0F00         
00401 734C 0001                    FCB      $00,$01
00402                   
00403 734E 040304040D24            FCB      $04,$03,$04,$04,$0D,$24,$15,$06
           1506         
00404 7356 189898981C1E            FCB      $18,$98,$98,$98,$1C,$1E,$1E,$1E
           1E1E         
00405 735E 000000000A0A            FCB      $00,$00,$00,$00,$0A,$0A,$0A,$0A
           0A0A         
00406 7366 3F0400FF0014            FCB      $3F,$04,$00,$FF,$00,$14,$0A,$00
           0A00         
00407 736E 0101                    FCB      $01,$01
00408                   
00409                   ;57
00410 7370 001000020900            FCB      $00,$10,$00,$02,$09,$00,$46,$06
           4606         
00411 7378 9E1E5F5E1414            FCB      $9E,$1E,$5F,$5E,$14,$14,$0E,$19
           0E19         
00412 7380 000000000101            FCB      $00,$00,$00,$00,$01,$01,$01,$07
           0107         
00413 7388 3806009F1441            FCB      $38,$06,$00,$9F,$14,$41,$32,$00
           3200         
00414 7390 0101                    FCB      $01,$01
00415                   
00416 7392 000100001F1E            FCB      $00,$01,$00,$00,$1F,$1E,$09,$09
           0909         
00417 739A 141E0F190000            FCB      $14,$1E,$0F,$19,$00,$00,$00,$00
           0000         
00418 73A2 00000000F9F9            FCB      $00,$00,$00,$00,$F9,$F9,$F9,$F9
           F9F9         
00419 73AA 3C00001F0000            FCB      $3C,$00,$00,$1F,$00,$00,$05,$00
           0500         
00420 73B2 0201                    FCB      $02,$01
00421                   
00422 73B4 05340170007F            FCB      $05,$34,$01,$70,$00,$7F,$03,$03
           0303         
00423 73BC 184E08801F1E            FCB      $18,$4E,$08,$80,$1F,$1E,$1F,$1F
           1F1F         
00424 73C4 000A0C1F010A            FCB      $00,$0A,$0C,$1F,$01,$0A,$06,$FF
           06FF         
00425 73CC 3C00002F0000            FCB      $3C,$00,$00,$2F,$00,$00,$0C,$00
           0C00         
00426 73D4 0200                    FCB      $02,$00
00427                   
00428 73D6 040404040303            FCB      $04,$04,$04,$04,$03,$03,$03,$03
           0303         
00429 73DE 595458571212            FCB      $59,$54,$58,$57,$12,$12,$12,$12
           1212         
00430 73E6 101210114848            FCB      $10,$12,$10,$11,$48,$48,$48,$48
           4848         
00431 73EE 070400FF0087            FCB      $07,$04,$00,$FF,$00,$87,$19,$00
           1900         
00432 73F6 0000                    FCB      $00,$00
00433                   
00434                   ;61
00435 73F8 0C0C0C0C2D28            FCB      $0C,$0C,$0C,$0C,$2D,$28,$00,$00
           0000         
00436 7400 591253541F04            FCB      $59,$12,$53,$54,$1F,$04,$1E,$14
           1E14         
00437 7408 0A0012120C0D            FCB      $0A,$00,$12,$12,$0C,$0D,$0B,$0B
           0B0B         
00438 7410 340600FF0964            FCB      $34,$06,$00,$FF,$09,$64,$46,$00
           4600         
00439 7418 0000                    FCB      $00,$00
00440                   
00441 741A 060804042800            FCB      $06,$08,$04,$04,$28,$00,$00,$00
           0000         
00442 7422 525050500513            FCB      $52,$50,$50,$50,$05,$13,$13,$13
           1313         
00443 742A 00000000FCFC            FCB      $00,$00,$00,$00,$FC,$FC,$FC,$FC
           FCFC         
00444 7432 3D0400FF00F0            FCB      $3D,$04,$00,$FF,$00,$F0,$32,$00
           3200         
00445 743A 0000                    FCB      $00,$00
00446                   
00447 743C 0A0303063228            FCB      $0A,$03,$03,$06,$32,$28,$37,$0A
           370A         
00448 7444 5F5F9F940500            FCB      $5F,$5F,$9F,$94,$05,$00,$00,$00
           0000         
00449 744C 060606066565            FCB      $06,$06,$06,$06,$65,$65,$19,$69
           1969         
00450 7454 0004005F00C8            FCB      $00,$04,$00,$5F,$00,$C8,$3C,$00
           3C00         
00451 745C 0101                    FCB      $01,$01
00452                   
00453 745E 0C080F0E1810            FCB      $0C,$08,$0F,$0E,$18,$10,$1A,$10
           1A10         
00454 7466 1F0F0F0F0000            FCB      $1F,$0F,$0F,$0F,$00,$00,$00,$00
           0000         
00455 746E 00000000F5F7            FCB      $00,$00,$00,$00,$F5,$F7,$F7,$F7
           F7F7         
00456 7476 060400FF00FF            FCB      $06,$04,$00,$FF,$00,$FF,$4B,$00
           4B00         
00457 747E 0101                    FCB      $01,$01
00458                   
00459                   ;65
00460 7480 4D7818283206            FCB      $4D,$78,$18,$28,$32,$06,$06,$06
           0606         
00461 7488 595B595D0909            FCB      $59,$5B,$59,$5D,$09,$09,$0B,$0B
           0B0B         
00462 7490 050507055454            FCB      $05,$05,$07,$05,$54,$54,$44,$44
           4444         
00463 7498 0504001F0008            FCB      $05,$04,$00,$1F,$00,$08,$1B,$0A
           1B0A         
00464 74A0 0201                    FCB      $02,$01
00465                   
00466 74A2 0F0F00000A08            FCB      $0F,$0F,$00,$00,$0A,$08,$00,$00
           0000         
00467 74AA 1F1F1F1F0505            FCB      $1F,$1F,$1F,$1F,$05,$05,$0F,$0F
           0F0F         
00468 74B2 00000000F5F5            FCB      $00,$00,$00,$00,$F5,$F5,$F7,$F7
           F7F7         
00469 74BA 340400FAFFFF            FCB      $34,$04,$00,$FA,$FF,$FF,$5A,$00
           5A00         
00470 74C2 0301                    FCB      $03,$01
00471                   
00472 74C4 007000000900            FCB      $00,$70,$00,$00,$09,$00,$00,$00
           0000         
00473 74CC 5C091F4B141F            FCB      $5C,$09,$1F,$4B,$14,$1F,$11,$1F
           111F         
00474 74D4 00000003FCFF            FCB      $00,$00,$00,$03,$FC,$FF,$FC,$FF
           FCFF         
00475 74DC 0402009F1900            FCB      $04,$02,$00,$9F,$19,$00,$0D,$00
           0D00         
00476 74E4 0100                    FCB      $01,$00
00477                   
00478 74E6 0B08040C1919            FCB      $0B,$08,$04,$0C,$19,$19,$00,$00
           0000         
00479 74EE 521457531F1F            FCB      $52,$14,$57,$53,$1F,$1F,$1F,$1F
           1F1F         
00480 74F6 181218180A0D            FCB      $18,$12,$18,$18,$0A,$0D,$0B,$0B
           0B0B         
00481 74FE 3C00001F0000            FCB      $3C,$00,$00,$1F,$00,$00,$19,$00
           1900         
00482 7506 0200                    FCB      $02,$00
00483                   
00484                   ;69
00485 7508 7C1450461413            FCB      $7C,$14,$50,$46,$14,$13,$1D,$09
           1D09         
00486 7510 549454941F1F            FCB      $54,$94,$54,$94,$1F,$1F,$1F,$1F
           1F1F         
00487 7518 000000000909            FCB      $00,$00,$00,$00,$09,$09,$09,$09
           0909         
00488 7520 3504005F0014            FCB      $35,$04,$00,$5F,$00,$14,$0A,$00
           0A00         
00489 7528 0001                    FCB      $00,$01
00490                   
00491 752A 04080F081E0F            FCB      $04,$08,$0F,$08,$1E,$0F,$09,$0E
           090E         
00492 7532 1B1414121401            FCB      $1B,$14,$14,$12,$14,$01,$02,$07
           0207         
00493 753A 010101010808            FCB      $01,$01,$01,$01,$08,$08,$0C,$0A
           0C0A         
00494 7542 2C04005F0014            FCB      $2C,$04,$00,$5F,$00,$14,$50,$00
           5000         
00495 754A 0001                    FCB      $00,$01
00496                   
00497 754C 707000000014            FCB      $70,$70,$00,$00,$00,$14,$03,$0C
           030C         
00498 7554 4A9E5C9F0403            FCB      $4A,$9E,$5C,$9F,$04,$03,$04,$04
           0404         
00499 755C 1F1F1F1FF5F5            FCB      $1F,$1F,$1F,$1F,$F5,$F5,$F5,$F6
           F5F6         
00500 7564 3A0400FF0064            FCB      $3A,$04,$00,$FF,$00,$64,$5A,$00
           5A00         
00501 756C 0300                    FCB      $03,$00
00502                   
00503 756E 701056400D0A            FCB      $70,$10,$56,$40,$0D,$0A,$0C,$0C
           0C0C         
00504 7576 549F5F9F0403            FCB      $54,$9F,$5F,$9F,$04,$03,$0A,$04
           0A04         
00505 757E 1F1F1F1FF5F5            FCB      $1F,$1F,$1F,$1F,$F5,$F5,$F7,$F7
           F7F7         
00506 7586 3C0600F20A14            FCB      $3C,$06,$00,$F2,$0A,$14,$96,$00
           9600         
00507 758E 0300                    FCB      $03,$00
00508                   
00509                   ;73
00510 7590 343207013C25            FCB      $34,$32,$07,$01,$3C,$25,$0F,$00
           0F00         
00511 7598 1D1D1D1F060D            FCB      $1D,$1D,$1D,$1F,$06,$0D,$00,$0D
           000D         
00512 75A0 00060607F424            FCB      $00,$06,$06,$07,$F4,$24,$04,$F8
           04F8         
00513 75A8 310400AF00FF            FCB      $31,$04,$00,$AF,$00,$FF,$78,$00
           7800         
00514 75B0 0101                    FCB      $01,$01
00515                   
00516 75B2 0F0F241A1428            FCB      $0F,$0F,$24,$1A,$14,$28,$0F,$0F
           0F0F         
00517 75BA 9F1F5F5F0000            FCB      $9F,$1F,$5F,$5F,$00,$00,$00,$00
           0000         
00518 75C2 00000000A3D3            FCB      $00,$00,$00,$00,$A3,$D3,$F5,$F5
           F5F5         
00519 75CA 0C0400FF00C8            FCB      $0C,$04,$00,$FF,$00,$C8,$32,$00
           3200         
00520 75D2 0100                    FCB      $01,$00
00521                   
00522 75D4 0A0C05061700            FCB      $0A,$0C,$05,$06,$17,$00,$0C,$0C
           0C0C         
00523 75DC 1F1F0A0A1F1F            FCB      $1F,$1F,$0A,$0A,$1F,$1F,$1F,$1F
           1F1F         
00524 75E4 000000000208            FCB      $00,$00,$00,$00,$02,$08,$08,$08
           0808         
00525 75EC 3C0600FF1EFF            FCB      $3C,$06,$00,$FF,$1E,$FF,$14,$00
           1400         
00526 75F4 0100                    FCB      $01,$00
00527                   
00528 75F6 0C08010D0A00            FCB      $0C,$08,$01,$0D,$0A,$00,$00,$00
           0000         
00529 75FE 9F1F5F5F1312            FCB      $9F,$1F,$5F,$5F,$13,$12,$14,$14
           1414         
00530 7606 02060C0C5339            FCB      $02,$06,$0C,$0C,$53,$39,$29,$29
           2929         
00531 760E 3C04007F002D            FCB      $3C,$04,$00,$7F,$00,$2D,$19,$04
           1904         
00532 7616 0200                    FCB      $02,$00
00533                   
00534                   ;77
00535 7618 020202027F7F            FCB      $02,$02,$02,$02,$7F,$7F,$7F,$00
           7F00         
00536 7620 1F1F1F1F0000            FCB      $1F,$1F,$1F,$1F,$00,$00,$00,$00
           0000         
00537 7628 000000000F0F            FCB      $00,$00,$00,$00,$0F,$0F,$0F,$0F
           0F0F         
00538 7630 000000000000            FCB      $00,$00,$00,$00,$00,$00,$00,$00
           0000         
00539 7638 0000                    FCB      $00,$00
00540                   
00541                   
00542 7FFF                         ORG      $7FFF
00543 7FFF 00                      FCB      0
00544                   
00545 8000                         END
